Check Point Path: ./checkpoint/LightGCN/Epinions/LightGCN@best.pth
Loading data
load weight from ./checkpoint/LightGCN/Epinions/LightGCN@best.pth
Model Pretrain
Pretrain Epoch:0 Recall:0.1556 NDCG:0.0741
Pretrain Epoch:1 Recall:0.1563 NDCG:0.0744
Pretrain Epoch:2 Recall:0.1567 NDCG:0.0745
Pretrain Epoch:3 Recall:0.1569 NDCG:0.0746
Pretrain Epoch:4 Recall:0.1571 NDCG:0.0746
Pretrain Epoch:5 Recall:0.1570 NDCG:0.0746
Pretrain Epoch:6 Recall:0.1571 NDCG:0.0746
Pretrain Epoch:7 Recall:0.1572 NDCG:0.0746
Pretrain Epoch:8 Recall:0.1573 NDCG:0.0746
Pretrain Epoch:9 Recall:0.1572 NDCG:0.0746
Pretrain Epoch:10 Recall:0.1572 NDCG:0.0746
Pretrain Epoch:11 Recall:0.1571 NDCG:0.0746
Pretrain Epoch:12 Recall:0.1572 NDCG:0.0747
Pretrain Epoch:13 Recall:0.1573 NDCG:0.0747
Pretrain Epoch:14 Recall:0.1573 NDCG:0.0747
Pretrain Epoch:15 Recall:0.1573 NDCG:0.0747
Pretrain Epoch:16 Recall:0.1573 NDCG:0.0747
Pretrain Epoch:17 Recall:0.1572 NDCG:0.0747
Pretrain Epoch:18 Recall:0.1572 NDCG:0.0747
Pretrain Epoch:19 Recall:0.1572 NDCG:0.0747
Org Recall:0.1573 NDCG:0.0747
Edit Round:0 EC:0.7500 EP:0.9049 Recall:0.1567 NDCG:0.0745
Edit Acc:1.0000
EC:0.7500±0.0000 EP:0.9049±0.0000
Edit Recall:0.1567 NDCG:0.0745
Improve Recall:-0.0006 NDCG:-0.0002
Edit Time:63.9055
