Check Point Path: ./checkpoint/MF/Epinions/MF@best.pth
Loading data
load weight from ./checkpoint/MF/Epinions/MF@best.pth
Model Pretrain
Pretrain Epoch:0 Recall:0.1316 NDCG:0.0611
Pretrain Epoch:1 Recall:0.1324 NDCG:0.0614
Pretrain Epoch:2 Recall:0.1324 NDCG:0.0614
Pretrain Epoch:3 Recall:0.1323 NDCG:0.0614
Pretrain Epoch:4 Recall:0.1326 NDCG:0.0614
Pretrain Epoch:5 Recall:0.1324 NDCG:0.0614
Pretrain Epoch:6 Recall:0.1323 NDCG:0.0614
Pretrain Epoch:7 Recall:0.1322 NDCG:0.0614
Pretrain Epoch:8 Recall:0.1323 NDCG:0.0614
Pretrain Epoch:9 Recall:0.1322 NDCG:0.0614
Pretrain Epoch:10 Recall:0.1322 NDCG:0.0614
Pretrain Epoch:11 Recall:0.1323 NDCG:0.0614
Pretrain Epoch:12 Recall:0.1323 NDCG:0.0614
Pretrain Epoch:13 Recall:0.1323 NDCG:0.0614
Pretrain Epoch:14 Recall:0.1323 NDCG:0.0614
Pretrain Epoch:15 Recall:0.1323 NDCG:0.0614
Pretrain Epoch:16 Recall:0.1323 NDCG:0.0614
Pretrain Epoch:17 Recall:0.1323 NDCG:0.0614
Pretrain Epoch:18 Recall:0.1323 NDCG:0.0614
Pretrain Epoch:19 Recall:0.1323 NDCG:0.0614
Org Recall:0.1326 NDCG:0.0614
Edit Round:0 EC:0.6000 EP:0.9651 Recall:0.1322 NDCG:0.0614
Edit Acc:1.0000
EC:0.6000 EP:0.9651
Edit Recall:0.1322 NDCG:0.0614
Improve Recall:-0.0004 NDCG:-0.0001
Edit Time:48.4867
