Check Point Path: ./checkpoint/XSimGCL/KuaiRand/XSimGCL@best.pth
Loading data
load weight from ./checkpoint/XSimGCL/KuaiRand/XSimGCL@best.pth
Model Pretrain
Pretrain Epoch:0 Recall:0.2480 NDCG:0.0954
Pretrain Epoch:1 Recall:0.2485 NDCG:0.0958
Pretrain Epoch:2 Recall:0.2488 NDCG:0.0959
Pretrain Epoch:3 Recall:0.2493 NDCG:0.0961
Pretrain Epoch:4 Recall:0.2494 NDCG:0.0961
Pretrain Epoch:5 Recall:0.2495 NDCG:0.0961
Pretrain Epoch:6 Recall:0.2491 NDCG:0.0961
Pretrain Epoch:7 Recall:0.2492 NDCG:0.0961
Pretrain Epoch:8 Recall:0.2494 NDCG:0.0960
Pretrain Epoch:9 Recall:0.2495 NDCG:0.0961
Pretrain Epoch:10 Recall:0.2493 NDCG:0.0960
Pretrain Epoch:11 Recall:0.2497 NDCG:0.0961
Pretrain Epoch:12 Recall:0.2499 NDCG:0.0961
Pretrain Epoch:13 Recall:0.2500 NDCG:0.0961
Pretrain Epoch:14 Recall:0.2500 NDCG:0.0961
Pretrain Epoch:15 Recall:0.2501 NDCG:0.0961
Pretrain Epoch:16 Recall:0.2499 NDCG:0.0961
Pretrain Epoch:17 Recall:0.2499 NDCG:0.0962
Pretrain Epoch:18 Recall:0.2498 NDCG:0.0961
Pretrain Epoch:19 Recall:0.2498 NDCG:0.0961
Org Recall:0.2501 NDCG:0.0961
Edit Round:0 EC:0.4018 EP:0.9388 Recall:0.2488 NDCG:0.0960
Edit Acc:1.0000
EC:0.4018 EP:0.9388
Edit Recall:0.2488 NDCG:0.0960
Improve Recall:-0.0013 NDCG:-0.0001
Edit Time:35.2130
