Check Point Path: ./checkpoint/MF/QB-video/MF@best.pth
Loading data
load weight from ./checkpoint/MF/QB-video/MF@best.pth
Model Pretrain
Pretrain Epoch:0 Recall:0.2944 NDCG:0.1782
Pretrain Epoch:1 Recall:0.2946 NDCG:0.1782
Pretrain Epoch:2 Recall:0.2946 NDCG:0.1782
Pretrain Epoch:3 Recall:0.2947 NDCG:0.1783
Pretrain Epoch:4 Recall:0.2947 NDCG:0.1782
Pretrain Epoch:5 Recall:0.2947 NDCG:0.1782
Pretrain Epoch:6 Recall:0.2947 NDCG:0.1782
Pretrain Epoch:7 Recall:0.2947 NDCG:0.1782
Pretrain Epoch:8 Recall:0.2947 NDCG:0.1782
Pretrain Epoch:9 Recall:0.2946 NDCG:0.1782
Pretrain Epoch:10 Recall:0.2947 NDCG:0.1782
Pretrain Epoch:11 Recall:0.2947 NDCG:0.1782
Pretrain Epoch:12 Recall:0.2946 NDCG:0.1782
Pretrain Epoch:13 Recall:0.2947 NDCG:0.1782
Pretrain Epoch:14 Recall:0.2946 NDCG:0.1782
Pretrain Epoch:15 Recall:0.2947 NDCG:0.1782
Pretrain Epoch:16 Recall:0.2947 NDCG:0.1782
Pretrain Epoch:17 Recall:0.2948 NDCG:0.1783
Pretrain Epoch:18 Recall:0.2947 NDCG:0.1782
Pretrain Epoch:19 Recall:0.2947 NDCG:0.1782
Org Recall:0.2948 NDCG:0.1783
Edit Round:0 EC:0.8898 EP:0.9884 Recall:0.2945 NDCG:0.1781
Edit Acc:1.0000
EC:0.8898 EP:0.9884
Edit Recall:0.2945 NDCG:0.1781
Improve Recall:-0.0003 NDCG:-0.0002
Edit Time:40.3004
