Check Point Path: ./checkpoint/XSimGCL/KuaiRand/XSimGCL@best.pth
Loading data
load weight from ./checkpoint/XSimGCL/KuaiRand/XSimGCL@best.pth
Model Pretrain
Pretrain Epoch:0 Recall:0.2468 NDCG:0.0952
Pretrain Epoch:1 Recall:0.2482 NDCG:0.0957
Pretrain Epoch:2 Recall:0.2485 NDCG:0.0956
Pretrain Epoch:3 Recall:0.2496 NDCG:0.0959
Pretrain Epoch:4 Recall:0.2496 NDCG:0.0959
Pretrain Epoch:5 Recall:0.2490 NDCG:0.0957
Pretrain Epoch:6 Recall:0.2495 NDCG:0.0959
Pretrain Epoch:7 Recall:0.2495 NDCG:0.0959
Pretrain Epoch:8 Recall:0.2500 NDCG:0.0961
Pretrain Epoch:9 Recall:0.2502 NDCG:0.0962
Pretrain Epoch:10 Recall:0.2498 NDCG:0.0961
Pretrain Epoch:11 Recall:0.2495 NDCG:0.0960
Pretrain Epoch:12 Recall:0.2501 NDCG:0.0962
Pretrain Epoch:13 Recall:0.2499 NDCG:0.0961
Pretrain Epoch:14 Recall:0.2500 NDCG:0.0962
Pretrain Epoch:15 Recall:0.2503 NDCG:0.0962
Pretrain Epoch:16 Recall:0.2504 NDCG:0.0962
Pretrain Epoch:17 Recall:0.2503 NDCG:0.0962
Pretrain Epoch:18 Recall:0.2502 NDCG:0.0962
Pretrain Epoch:19 Recall:0.2505 NDCG:0.0963
Org Recall:0.2505 NDCG:0.0963
Edit Round:0 EC:0.7538 EP:0.7914 Recall:0.2456 NDCG:0.0941
Edit Acc:1.0000
EC:0.7538 EP:0.7914
Edit Recall:0.2456 NDCG:0.0941
Improve Recall:-0.0049 NDCG:-0.0022
Edit Time:47.5109
